<?xml version="1.0" encoding="UTF-8"?>
<testng-results ignored="0" total="11" passed="11" failed="0" skipped="0">
  <reporter-output>
  </reporter-output>
  <suite started-at="2021-10-07T12:32:48 EDT" name="DogTestsXML" finished-at="2021-10-07T12:32:48 EDT" duration-ms="90">
    <groups>
    </groups>
    <test started-at="2021-10-07T12:32:48 EDT" name="DogTests" finished-at="2021-10-07T12:32:48 EDT" duration-ms="90">
      <class name="DogTests">
        <test-method signature="test_DogClass_Equals()[pri:0, instance:DogTests@359f7cdf]" started-at="2021-10-07T12:32:48 EDT" name="test_DogClass_Equals" finished-at="2021-10-07T12:32:48 EDT" duration-ms="14" status="PASS">
          <reporter-output>
          </reporter-output>
        </test-method> <!-- test_DogClass_Equals -->
        <test-method signature="test_DogNoParamConstructor_NotNull()[pri:0, instance:DogTests@359f7cdf]" started-at="2021-10-07T12:32:48 EDT" name="test_DogNoParamConstructor_NotNull" finished-at="2021-10-07T12:32:48 EDT" duration-ms="1" status="PASS">
          <reporter-output>
          </reporter-output>
        </test-method> <!-- test_DogNoParamConstructor_NotNull -->
        <test-method signature="test_DogSetGetAge_Equals()[pri:0, instance:DogTests@359f7cdf]" started-at="2021-10-07T12:32:48 EDT" name="test_DogSetGetAge_Equals" finished-at="2021-10-07T12:32:48 EDT" duration-ms="1" status="PASS">
          <reporter-output>
          </reporter-output>
        </test-method> <!-- test_DogSetGetAge_Equals -->
        <test-method signature="test_DogSetGetBreed_Equals()[pri:0, instance:DogTests@359f7cdf]" started-at="2021-10-07T12:32:48 EDT" name="test_DogSetGetBreed_Equals" finished-at="2021-10-07T12:32:48 EDT" duration-ms="1" status="PASS">
          <reporter-output>
          </reporter-output>
        </test-method> <!-- test_DogSetGetBreed_Equals -->
        <test-method signature="test_DogSetGetName_Equals()[pri:0, instance:DogTests@359f7cdf]" started-at="2021-10-07T12:32:48 EDT" name="test_DogSetGetName_Equals" finished-at="2021-10-07T12:32:48 EDT" duration-ms="0" status="PASS">
          <reporter-output>
          </reporter-output>
        </test-method> <!-- test_DogSetGetName_Equals -->
        <test-method signature="test_DogThreeParamConstructor_NotNull()[pri:0, instance:DogTests@359f7cdf]" started-at="2021-10-07T12:32:48 EDT" name="test_DogThreeParamConstructor_NotNull" finished-at="2021-10-07T12:32:48 EDT" duration-ms="0" status="PASS">
          <reporter-output>
          </reporter-output>
        </test-method> <!-- test_DogThreeParamConstructor_NotNull -->
        <test-method signature="test_DogToString()[pri:0, instance:DogTests@359f7cdf]" started-at="2021-10-07T12:32:48 EDT" name="test_DogToString" finished-at="2021-10-07T12:32:48 EDT" duration-ms="0" status="PASS">
          <reporter-output>
          </reporter-output>
        </test-method> <!-- test_DogToString -->
        <test-method signature="test_DogToStringEmpty()[pri:0, instance:DogTests@359f7cdf]" started-at="2021-10-07T12:32:48 EDT" name="test_DogToStringEmpty" finished-at="2021-10-07T12:32:48 EDT" duration-ms="0" status="PASS">
          <reporter-output>
          </reporter-output>
        </test-method> <!-- test_DogToStringEmpty -->
        <test-method signature="test_DogTwoParamConstructor_NotNull()[pri:0, instance:DogTests@359f7cdf]" started-at="2021-10-07T12:32:48 EDT" name="test_DogTwoParamConstructor_NotNull" finished-at="2021-10-07T12:32:48 EDT" duration-ms="0" status="PASS">
          <reporter-output>
          </reporter-output>
        </test-method> <!-- test_DogTwoParamConstructor_NotNull -->
        <test-method signature="test_TwoDog_NotEqual()[pri:0, instance:DogTests@359f7cdf]" started-at="2021-10-07T12:32:48 EDT" name="test_TwoDog_NotEqual" finished-at="2021-10-07T12:32:48 EDT" duration-ms="2" status="PASS">
          <reporter-output>
          </reporter-output>
        </test-method> <!-- test_TwoDog_NotEqual -->
        <test-method signature="test_Dog_NoException()[pri:0, instance:DogTests@359f7cdf]" started-at="2021-10-07T12:32:48 EDT" name="test_Dog_NoException" finished-at="2021-10-07T12:32:48 EDT" duration-ms="0" status="PASS">
          <reporter-output>
          </reporter-output>
        </test-method> <!-- test_Dog_NoException -->
      </class> <!-- DogTests -->
    </test> <!-- DogTests -->
  </suite> <!-- DogTestsXML -->
</testng-results>
