<?xml version="1.0" encoding="UTF-8"?>
<testsuite name="TestSuite" time="0.024" tests="13" errors="0" skipped="0" failures="0">
  <properties>
[...]
</properties>
  <testcase name="test_DogBark" classname="DogTests" time="0.017"/>
  <testcase name="test_DogClass_Equals" classname="DogTests" time="0"/>
  <testcase name="test_DogNoParamConstructor_NotNull" classname="DogTests" time="0"/>
  <testcase name="test_DogSetGetAge_Equals" classname="DogTests" time="0"/>
  <testcase name="test_DogSetGetBreed_Equals" classname="DogTests" time="0"/>
  <testcase name="test_DogSetGetName_Equals" classname="DogTests" time="0"/>
  <testcase name="test_DogThreeParamConstructor_Equals" classname="DogTests" time="0"/>
  <testcase name="test_DogThreeParamConstructor_NotNull" classname="DogTests" time="0"/>
  <testcase name="test_DogToString" classname="DogTests" time="0"/>
  <testcase name="test_DogToStringEmpty" classname="DogTests" time="0.001"/>
  <testcase name="test_DogTwoParamConstructor_NotNull" classname="DogTests" time="0"/>
  <testcase name="test_Dog_NoException" classname="DogTests" time="0.001"/>
  <testcase name="test_TwoDog_NotEqual" classname="DogTests" time="0.005"/>
</testsuite>